2022-10-20 11:08:41.826  INFO 9186 --- [restartedMain] b.c.i.o.OxxifoodViniciusApplication      : Starting OxxifoodViniciusApplication using Java 11.0.16 on LAB-04 with PID 9186 (/home/aluno/Documentos/teste1/oxxifood-Vinicius/target/classes started by aluno in /home/aluno/Documentos/teste1/oxxifood-Vinicius)
2022-10-20 11:08:41.831  INFO 9186 --- [restartedMain] b.c.i.o.OxxifoodViniciusApplication      : No active profile set, falling back to 1 default profile: "default"
2022-10-20 11:08:42.715  INFO 9186 --- [restartedMain] .e.DevToolsPropertyDefaultsPostProcessor : Devtools property defaults active! Set 'spring.devtools.add-properties' to 'false' to disable
2022-10-20 11:08:42.717  INFO 9186 --- [restartedMain] .e.DevToolsPropertyDefaultsPostProcessor : For additional web related logging consider setting the 'logging.level.web' property to 'DEBUG'
2022-10-20 11:08:52.001  INFO 9186 --- [restartedMain] .s.d.r.c.RepositoryConfigurationDelegate : Bootstrapping Spring Data JPA repositories in DEFAULT mode.
2022-10-20 11:08:52.572  INFO 9186 --- [restartedMain] .s.d.r.c.RepositoryConfigurationDelegate : Finished Spring Data repository scanning in 466 ms. Found 2 JPA repository interfaces.
2022-10-20 11:08:58.978  INFO 9186 --- [restartedMain] o.s.b.w.embedded.tomcat.TomcatWebServer  : Tomcat initialized with port(s): 8082 (http)
2022-10-20 11:08:59.035  INFO 9186 --- [restartedMain] o.apache.catalina.core.StandardService   : Starting service [Tomcat]
2022-10-20 11:08:59.036  INFO 9186 --- [restartedMain] org.apache.catalina.core.StandardEngine  : Starting Servlet engine: [Apache Tomcat/9.0.65]
2022-10-20 11:08:59.353  INFO 9186 --- [restartedMain] o.a.c.c.C.[Tomcat].[localhost].[/]       : Initializing Spring embedded WebApplicationContext
2022-10-20 11:08:59.353  INFO 9186 --- [restartedMain] w.s.c.ServletWebServerApplicationContext : Root WebApplicationContext: initialization completed in 16591 ms
2022-10-20 11:08:59.584  INFO 9186 --- [restartedMain] com.zaxxer.hikari.HikariDataSource       : HikariPool-1 - Starting...
2022-10-20 11:09:02.382  INFO 9186 --- [restartedMain] com.zaxxer.hikari.HikariDataSource       : HikariPool-1 - Start completed.
2022-10-20 11:09:02.398  INFO 9186 --- [restartedMain] o.s.b.a.h2.H2ConsoleAutoConfiguration    : H2 console available at '/h2-console'. Database available at 'jdbc:postgresql://localhost:5434/oxefood'
2022-10-20 11:09:04.292  INFO 9186 --- [restartedMain] o.hibernate.jpa.internal.util.LogHelper  : HHH000204: Processing PersistenceUnitInfo [name: default]
2022-10-20 11:09:07.188  INFO 9186 --- [restartedMain] org.hibernate.Version                    : HHH000412: Hibernate ORM core version 5.6.11.Final
2022-10-20 11:09:12.095  INFO 9186 --- [restartedMain] o.hibernate.annotations.common.Version   : HCANN000001: Hibernate Commons Annotations {5.1.2.Final}
2022-10-20 11:09:14.134  INFO 9186 --- [restartedMain] org.hibernate.dialect.Dialect            : HHH000400: Using dialect: org.hibernate.dialect.PostgreSQLDialect
2022-10-20 11:09:28.887  INFO 9186 --- [restartedMain] o.h.e.t.j.p.i.JtaPlatformInitiator       : HHH000490: Using JtaPlatform implementation: [org.hibernate.engine.transaction.jta.platform.internal.NoJtaPlatform]
2022-10-20 11:09:28.908  INFO 9186 --- [restartedMain] j.LocalContainerEntityManagerFactoryBean : Initialized JPA EntityManagerFactory for persistence unit 'default'
2022-10-20 11:09:33.210  WARN 9186 --- [restartedMain] JpaBaseConfiguration$JpaWebConfiguration : spring.jpa.open-in-view is enabled by default. Therefore, database queries may be performed during view rendering. Explicitly configure spring.jpa.open-in-view to disable this warning
2022-10-20 11:09:35.326  INFO 9186 --- [restartedMain] o.s.b.d.a.OptionalLiveReloadServer       : LiveReload server is running on port 35729
2022-10-20 11:09:35.405  INFO 9186 --- [restartedMain] o.s.b.w.embedded.tomcat.TomcatWebServer  : Tomcat started on port(s): 8082 (http) with context path ''
2022-10-20 11:09:35.422  INFO 9186 --- [restartedMain] b.c.i.o.OxxifoodViniciusApplication      : Started OxxifoodViniciusApplication in 58.529 seconds (JVM running for 81.427)
2022-10-20 11:17:47.092  INFO 9186 --- [http-nio-8082-exec-2] o.a.c.c.C.[Tomcat].[localhost].[/]       : Initializing Spring DispatcherServlet 'dispatcherServlet'
2022-10-20 11:17:47.156  INFO 9186 --- [http-nio-8082-exec-2] o.s.web.servlet.DispatcherServlet        : Initializing Servlet 'dispatcherServlet'
2022-10-20 11:17:47.162  INFO 9186 --- [http-nio-8082-exec-2] o.s.web.servlet.DispatcherServlet        : Completed initialization in 5 ms
